<?xml version="1.0" encoding="UTF-8"?>
<robot generator="Robot 3.1.2 (Python 3.8.2 on win32)" generated="20200329 06:05:30.751" rpa="false">
<suite id="s1" name="SanityTestSuite1" source="C:\Users\11022262\eclipse-workspace\Evaluation\MyTest\SanityTestSuite1.robot">
<test id="s1-t1" name="PlatformLogin">
<kw name="OpenAPPBrowser" type="setup">
<doc>This keyword can be used for Opening the browser</doc>
<arguments>
<arg>${LOGIN URL}</arg>
<arg>${BROWSER}</arg>
</arguments>
<kw name="Open Browser" library="SeleniumLibrary">
<doc>Opens a new browser instance to the optional ``url``.</doc>
<arguments>
<arg>${LOGIN URL}</arg>
<arg>${BROWSER}</arg>
</arguments>
<msg timestamp="20200329 06:05:31.186" level="INFO">Opening browser 'chrome' to base url 'https://qa-platform.dovertech.co.in/'.</msg>
<status status="PASS" starttime="20200329 06:05:31.182" endtime="20200329 06:05:47.061"></status>
</kw>
<kw name="Maximize Browser Window" library="SeleniumLibrary">
<doc>Maximizes current browser window.</doc>
<status status="PASS" starttime="20200329 06:05:47.061" endtime="20200329 06:05:48.251"></status>
</kw>
<kw name="Set Browser Implicit Wait" library="SeleniumLibrary">
<doc>Sets the implicit wait value used by Selenium.</doc>
<arguments>
<arg>5</arg>
</arguments>
<status status="PASS" starttime="20200329 06:05:48.251" endtime="20200329 06:05:48.253"></status>
</kw>
<status status="PASS" starttime="20200329 06:05:31.182" endtime="20200329 06:05:48.253"></status>
</kw>
<kw name="LoginToApplication">
<doc>This keyword can be used for Login Application</doc>
<arguments>
<arg>${USERNAME}</arg>
<arg>${PASSWORD}</arg>
</arguments>
<kw name="Click Element" library="SeleniumLibrary">
<doc>Click the element identified by ``locator``.</doc>
<arguments>
<arg>name=login</arg>
</arguments>
<msg timestamp="20200329 06:05:48.255" level="INFO">Clicking element 'name=login'.</msg>
<status status="PASS" starttime="20200329 06:05:48.255" endtime="20200329 06:05:52.392"></status>
</kw>
<kw name="Sleep" library="BuiltIn">
<doc>Pauses the test executed for the given time.</doc>
<arguments>
<arg>2</arg>
</arguments>
<msg timestamp="20200329 06:05:54.394" level="INFO">Slept 2 seconds</msg>
<status status="PASS" starttime="20200329 06:05:52.392" endtime="20200329 06:05:54.394"></status>
</kw>
<kw name="Input Text" library="SeleniumLibrary">
<doc>Types the given ``text`` into the text field identified by ``locator``.</doc>
<arguments>
<arg>name=login</arg>
<arg>${USERNAME}</arg>
</arguments>
<msg timestamp="20200329 06:05:54.394" level="INFO">Typing text 'admin' into text field 'name=login'.</msg>
<status status="PASS" starttime="20200329 06:05:54.394" endtime="20200329 06:05:54.491"></status>
</kw>
<kw name="Click Element" library="SeleniumLibrary">
<doc>Click the element identified by ``locator``.</doc>
<arguments>
<arg>name=passwd</arg>
</arguments>
<msg timestamp="20200329 06:05:54.492" level="INFO">Clicking element 'name=passwd'.</msg>
<status status="PASS" starttime="20200329 06:05:54.492" endtime="20200329 06:05:54.563"></status>
</kw>
<kw name="Sleep" library="BuiltIn">
<doc>Pauses the test executed for the given time.</doc>
<arguments>
<arg>2</arg>
</arguments>
<msg timestamp="20200329 06:05:56.567" level="INFO">Slept 2 seconds</msg>
<status status="PASS" starttime="20200329 06:05:54.563" endtime="20200329 06:05:56.567"></status>
</kw>
<kw name="Input Text" library="SeleniumLibrary">
<doc>Types the given ``text`` into the text field identified by ``locator``.</doc>
<arguments>
<arg>name=passwd</arg>
<arg>${PASSWORD}</arg>
</arguments>
<msg timestamp="20200329 06:05:56.567" level="INFO">Typing text 'D@ver_321' into text field 'name=passwd'.</msg>
<status status="PASS" starttime="20200329 06:05:56.567" endtime="20200329 06:05:56.684"></status>
</kw>
<kw name="Click Button" library="SeleniumLibrary">
<doc>Clicks the button identified by ``locator``.</doc>
<arguments>
<arg>id=cred_sign_in_button</arg>
</arguments>
<msg timestamp="20200329 06:05:56.684" level="INFO">Clicking button 'id=cred_sign_in_button'.</msg>
<status status="PASS" starttime="20200329 06:05:56.684" endtime="20200329 06:06:04.671"></status>
</kw>
<status status="PASS" starttime="20200329 06:05:48.254" endtime="20200329 06:06:04.671"></status>
</kw>
<kw name="Set Browser Implicit Wait" library="SeleniumLibrary">
<doc>Sets the implicit wait value used by Selenium.</doc>
<arguments>
<arg>5</arg>
</arguments>
<status status="PASS" starttime="20200329 06:06:04.672" endtime="20200329 06:06:04.674"></status>
</kw>
<kw name="VerifyLoginSuccessFul">
<doc>This Keyword can be used for verifying Login successful or not</doc>
<kw name="Element Should Be Visible" library="SeleniumLibrary">
<doc>Verifies that the element identified by ``locator`` is visible.</doc>
<arguments>
<arg>//a[contains(@class,'uName')]</arg>
</arguments>
<msg timestamp="20200329 06:06:05.101" level="INFO">Element '//a[contains(@class,'uName')]' is displayed.</msg>
<status status="PASS" starttime="20200329 06:06:04.675" endtime="20200329 06:06:05.102"></status>
</kw>
<kw name="Sleep" library="BuiltIn">
<doc>Pauses the test executed for the given time.</doc>
<arguments>
<arg>3</arg>
</arguments>
<msg timestamp="20200329 06:06:08.103" level="INFO">Slept 3 seconds</msg>
<status status="PASS" starttime="20200329 06:06:05.102" endtime="20200329 06:06:08.103"></status>
</kw>
<kw name="Get Text" library="SeleniumLibrary">
<doc>Returns the text value of the element identified by ``locator``.</doc>
<arguments>
<arg>//a[contains(@class,'uName')]</arg>
</arguments>
<assign>
<var>${Profile_username}</var>
</assign>
<msg timestamp="20200329 06:06:08.143" level="INFO">${Profile_username} = Admin</msg>
<status status="PASS" starttime="20200329 06:06:08.103" endtime="20200329 06:06:08.143"></status>
</kw>
<kw name="Log" library="BuiltIn">
<doc>Logs the given message with the given level.</doc>
<arguments>
<arg>${Profile_username}</arg>
</arguments>
<msg timestamp="20200329 06:06:08.143" level="INFO">Admin</msg>
<status status="PASS" starttime="20200329 06:06:08.143" endtime="20200329 06:06:08.143"></status>
</kw>
<kw name="Should Be Equal As Strings" library="BuiltIn">
<doc>Fails if objects are unequal after converting them to strings.</doc>
<arguments>
<arg>${Profile_username}</arg>
<arg>${USERNAME}</arg>
<arg>ignore_case=True</arg>
</arguments>
<status status="PASS" starttime="20200329 06:06:08.143" endtime="20200329 06:06:08.143"></status>
</kw>
<status status="PASS" starttime="20200329 06:06:04.675" endtime="20200329 06:06:08.143"></status>
</kw>
<kw name="Close Browser" library="SeleniumLibrary" type="teardown">
<doc>Closes the current browser.</doc>
<status status="PASS" starttime="20200329 06:06:08.147" endtime="20200329 06:06:10.444"></status>
</kw>
<doc>This testcase is to verify the login functionality of Platform application
Here Tag(s) referrring to the Jira ID.</doc>
<tags>
<tag>DDIP-2345</tag>
</tags>
<status status="PASS" starttime="20200329 06:05:31.182" endtime="20200329 06:06:10.444" critical="yes"></status>
</test>
<status status="PASS" starttime="20200329 06:05:30.755" endtime="20200329 06:06:10.452"></status>
</suite>
<statistics>
<total>
<stat pass="1" fail="0">Critical Tests</stat>
<stat pass="1" fail="0">All Tests</stat>
</total>
<tag>
<stat pass="1" fail="0">DDIP-2345</stat>
</tag>
<suite>
<stat pass="1" fail="0" id="s1" name="SanityTestSuite1">SanityTestSuite1</stat>
</suite>
</statistics>
<errors>
</errors>
</robot>
